<?xml version="1.0" encoding="UTF-8"?>
<!-- Generated by org.testng.reporters.JUnitReportReporter -->
<testsuite skipped="0" hostname="CAVICSRGXFTVT2" name="CTD_E2E.statute" tests="1" failures="0" timestamp="22 Nov 2019 16:12:02 GMT" time="121.345" errors="0">
  <testcase name="insertupdateanddelete" time="121.345" classname="CTD_E2E.statute"/>
</testsuite> <!-- CTD_E2E.statute -->
