<?xml version="1.0" encoding="UTF-8"?>
<!-- Generated by org.testng.reporters.JUnitReportReporter -->
<testsuite skipped="0" hostname="CAVICSRGXFTVT2" name="CTD_Unprocessed_Events_Endpoint.Tombstone_cms_client_names" tests="4" failures="0" timestamp="14 Jun 2019 22:19:27 GMT" time="54.690" errors="0">
  <testcase name="birth_dt" time="9.372" classname="CTD_Unprocessed_Events_Endpoint.Tombstone_cms_client_names"/>
  <testcase name="current_name_yn" time="15.026" classname="CTD_Unprocessed_Events_Endpoint.Tombstone_cms_client_names"/>
  <testcase name="surname_nm" time="10.960" classname="CTD_Unprocessed_Events_Endpoint.Tombstone_cms_client_names"/>
  <testcase name="given1_nm" time="19.332" classname="CTD_Unprocessed_Events_Endpoint.Tombstone_cms_client_names"/>
</testsuite> <!-- CTD_Unprocessed_Events_Endpoint.Tombstone_cms_client_names -->
