<?xml version="1.0" encoding="UTF-8"?>
<!-- Generated by org.testng.reporters.JUnitReportReporter -->
<testsuite skipped="0" hostname="CAVICSRGXFTVT2" name="CTD_Unprocessed_Events_Endpointresources.Actunprocessed" tests="1" failures="0" timestamp="31 May 2019 20:49:08 GMT" time="2.043" errors="0">
  <testcase name="exampleGetTest" time="2.043" classname="CTD_Unprocessed_Events_Endpointresources.Actunprocessed"/>
</testsuite> <!-- CTD_Unprocessed_Events_Endpointresources.Actunprocessed -->
