<<<<<<< HEAD
<<<<<<< master
=======
>>>>>>> Dev
<?xml version="1.0" encoding="UTF-8"?>
<!-- Generated by org.testng.reporters.JUnitReportReporter -->
<testsuite skipped="0" hostname="CAVICSRGXFTVT2" name="CTD_E2E.ins" tests="1" failures="0" timestamp="08 Jul 2019 20:58:38 GMT" time="101.634" errors="0">
  <testcase name="insert" time="101.634" classname="CTD_E2E.ins"/>
</testsuite> <!-- CTD_E2E.ins -->
<<<<<<< HEAD
=======
<?xml version="1.0" encoding="UTF-8"?>
<!-- Generated by org.testng.reporters.JUnitReportReporter -->
<testsuite skipped="0" hostname="CAVICSRGXFTVT2" name="CTD_E2E.ins" tests="1" failures="0" timestamp="08 Jul 2019 20:58:38 GMT" time="101.634" errors="0">
  <testcase name="insert" time="101.634" classname="CTD_E2E.ins"/>
</testsuite> <!-- CTD_E2E.ins -->
>>>>>>> Sync with Master
=======
>>>>>>> Dev
