<?xml version="1.0" encoding="UTF-8"?>
<!-- Generated by org.testng.reporters.JUnitReportReporter -->
<testsuite skipped="0" hostname="CAVICSRGXFTVT2" name="CTD_E2E.chartinp" tests="1" failures="0" timestamp="12 Jul 2019 17:56:06 GMT" time="0.697" errors="0">
  <testcase name="gety" time="0.697" classname="CTD_E2E.chartinp"/>
</testsuite> <!-- CTD_E2E.chartinp -->
