<?xml version="1.0" encoding="UTF-8"?>
<!-- Generated by org.testng.reporters.JUnitReportReporter -->
<testsuite skipped="0" hostname="CAVICSRGXFTVT2" name="CTD_ContractTests.iaterms" tests="1" failures="0" timestamp="27 Nov 2019 17:48:52 GMT" time="8.087" errors="0">
  <testcase name="iaterms" time="8.087" classname="CTD_ContractTests.iaterms"/>
</testsuite> <!-- CTD_ContractTests.iaterms -->
