<?xml version="1.0" encoding="UTF-8"?>
<!-- Generated by org.testng.reporters.JUnitReportReporter -->
<testsuite skipped="0" hostname="CAVICSRGXFTVT2" name="CTD_ContractTests.location" tests="1" failures="0" timestamp="18 Nov 2019 22:01:35 GMT" time="175.286" errors="0">
  <testcase name="locaevent" time="175.286" classname="CTD_ContractTests.location"/>
</testsuite> <!-- CTD_ContractTests.location -->
