<?xml version="1.0" encoding="UTF-8"?>
<!-- Generated by org.testng.reporters.JUnitReportReporter -->
<testsuite skipped="1" hostname="CAVICSRGXFTVT2" name="CTD_E2E.Tombstone" tests="1" failures="0" timestamp="12 Nov 2019 18:01:50 GMT" time="346.448" errors="0">
  <testcase name="tombstone" time="346.448" classname="CTD_E2E.Tombstone">
    <skipped/>
  </testcase> <!-- tombstone -->
</testsuite> <!-- CTD_E2E.Tombstone -->
