<?xml version="1.0" encoding="UTF-8"?>
<!-- Generated by org.testng.reporters.JUnitReportReporter -->
<testsuite skipped="0" hostname="CAVICSRGXFTVT2" name="Cliemrg.clientmrg" tests="1" failures="0" timestamp="06 Aug 2019 20:41:26 GMT" time="356.911" errors="0">
  <testcase name="webdriver" time="356.911" classname="Cliemrg.clientmrg"/>
</testsuite> <!-- Cliemrg.clientmrg -->
