<?xml version="1.0" encoding="UTF-8"?>
<!-- Generated by org.testng.reporters.JUnitReportReporter -->
<testsuite skipped="0" hostname="CAVICSRGXFTVT2" name="CTD_E2E.peract" tests="1" failures="0" timestamp="30 Jul 2019 22:14:11 GMT" time="1855.943" errors="0">
  <testcase name="insert" time="1855.943" classname="CTD_E2E.peract"/>
</testsuite> <!-- CTD_E2E.peract -->
