<?xml version="1.0" encoding="UTF-8"?>
<!-- Generated by org.testng.reporters.JUnitReportReporter -->
<testsuite skipped="0" hostname="CAVICSRGXFTVT2" name="CTD_ContractTests.Stat" tests="1" failures="0" timestamp="03 Jul 2019 18:20:10 GMT" time="121.365" errors="0">
  <testcase name="insertupdateanddelete" time="121.365" classname="CTD_ContractTests.Stat"/>
</testsuite> <!-- CTD_ContractTests.Stat -->
