<<<<<<< HEAD
<<<<<<< master
=======
>>>>>>> Dev
<?xml version="1.0" encoding="UTF-8"?>
<!-- Generated by org.testng.reporters.JUnitReportReporter -->
<testsuite skipped="0" hostname="CAVICSRGXFTVT2" name="CTD_E2E.chartinp" tests="1" failures="0" timestamp="05 Jul 2019 18:28:09 GMT" time="0.706" errors="0">
  <testcase name="getfirstaxis" time="0.706" classname="CTD_E2E.chartinp"/>
</testsuite> <!-- CTD_E2E.chartinp -->
<<<<<<< HEAD
=======
<?xml version="1.0" encoding="UTF-8"?>
<!-- Generated by org.testng.reporters.JUnitReportReporter -->
<testsuite skipped="0" hostname="CAVICSRGXFTVT2" name="CTD_E2E.chartinp" tests="1" failures="0" timestamp="05 Jul 2019 18:28:09 GMT" time="0.706" errors="0">
  <testcase name="getfirstaxis" time="0.706" classname="CTD_E2E.chartinp"/>
</testsuite> <!-- CTD_E2E.chartinp -->
>>>>>>> Sync with Master
=======
>>>>>>> Dev
