<?xml version="1.0" encoding="UTF-8"?>
<!-- Generated by org.testng.reporters.JUnitReportReporter -->
<testsuite skipped="0" hostname="CAVICSRGXFTVT2" name="DTC_E2E.cl" tests="1" failures="0" timestamp="17 Jul 2019 14:09:32 GMT" time="84.686" errors="0">
  <testcase name="dynamicstocornet" time="84.686" classname="DTC_E2E.cl"/>
</testsuite> <!-- DTC_E2E.cl -->
