<<<<<<< master
<?xml version="1.0" encoding="UTF-8"?>
<!-- Generated by org.testng.reporters.JUnitReportReporter -->
<testsuite skipped="0" hostname="CAVICSRGXFTVT2" name="CTD_ContractTests.dynamics" tests="1" failures="0" timestamp="08 Jul 2019 19:57:59 GMT" time="3.065" errors="0">
  <testcase name="whenPostJsonUsingHttpClient_thenCorrect" time="3.065" classname="CTD_ContractTests.dynamics"/>
</testsuite> <!-- CTD_ContractTests.dynamics -->
=======
<?xml version="1.0" encoding="UTF-8"?>
<!-- Generated by org.testng.reporters.JUnitReportReporter -->
<testsuite skipped="0" hostname="CAVICSRGXFTVT2" name="CTD_ContractTests.dynamics" tests="1" failures="0" timestamp="08 Jul 2019 19:57:59 GMT" time="3.065" errors="0">
  <testcase name="whenPostJsonUsingHttpClient_thenCorrect" time="3.065" classname="CTD_ContractTests.dynamics"/>
</testsuite> <!-- CTD_ContractTests.dynamics -->
>>>>>>> Sync with Master
