<?xml version="1.0" encoding="UTF-8"?>
<!-- Generated by org.testng.reporters.JUnitReportReporter -->
<testsuite skipped="2" hostname="CAVICSRGXFTVT2" name="CTD_ContractTests.createIAEvent" tests="3" failures="0" timestamp="22 Nov 2019 20:13:59 GMT" time="2.845" errors="0">
  <testcase name="verifyadapter" time="2.845" classname="CTD_ContractTests.createIAEvent"/>
  <testcase name="insertnotifications" classname="CTD_ContractTests.createIAEvent">
    <skipped/>
  </testcase> <!-- insertnotifications -->
  <testcase name="verifyords" classname="CTD_ContractTests.createIAEvent">
    <skipped/>
  </testcase> <!-- verifyords -->
</testsuite> <!-- CTD_ContractTests.createIAEvent -->
