<<<<<<< HEAD
<<<<<<< master
=======
>>>>>>> Dev
<?xml version="1.0" encoding="UTF-8"?>
<!-- Generated by org.testng.reporters.JUnitReportReporter -->
<testsuite skipped="0" hostname="CAVICSRGXFTVT2" name="CTD_Unprocessed_Events_Endpoint.ords_get" tests="1" failures="0" timestamp="26 May 2019 19:26:54 GMT" time="5.306" errors="0">
  <testcase name="tombstone_ords_get" time="5.306" classname="CTD_Unprocessed_Events_Endpoint.ords_get"/>
</testsuite> <!-- CTD_Unprocessed_Events_Endpoint.ords_get -->
<<<<<<< HEAD
=======
<?xml version="1.0" encoding="UTF-8"?>
<!-- Generated by org.testng.reporters.JUnitReportReporter -->
<testsuite skipped="0" hostname="CAVICSRGXFTVT2" name="CTD_Unprocessed_Events_Endpoint.ords_get" tests="1" failures="0" timestamp="26 May 2019 19:26:54 GMT" time="5.306" errors="0">
  <testcase name="tombstone_ords_get" time="5.306" classname="CTD_Unprocessed_Events_Endpoint.ords_get"/>
</testsuite> <!-- CTD_Unprocessed_Events_Endpoint.ords_get -->
>>>>>>> Sync with Master
=======
>>>>>>> Dev
