<<<<<<< HEAD
<<<<<<< master
=======
>>>>>>> Dev
<?xml version="1.0" encoding="UTF-8"?>
<!-- Generated by org.testng.reporters.JUnitReportReporter -->
<testsuite skipped="0" hostname="CAVICSRGXFTVT2" name="CTD_Unprocessed_Events_Endpoint.disc_chrg_reg" tests="1" failures="0" timestamp="27 Jun 2019 22:07:11 GMT" time="71.227" errors="0">
  <testcase name="cms_regulations" time="71.227" classname="CTD_Unprocessed_Events_Endpoint.disc_chrg_reg"/>
</testsuite> <!-- CTD_Unprocessed_Events_Endpoint.disc_chrg_reg -->
<<<<<<< HEAD
=======
<?xml version="1.0" encoding="UTF-8"?>
<!-- Generated by org.testng.reporters.JUnitReportReporter -->
<testsuite skipped="0" hostname="CAVICSRGXFTVT2" name="CTD_Unprocessed_Events_Endpoint.disc_chrg_reg" tests="1" failures="0" timestamp="27 Jun 2019 22:07:11 GMT" time="71.227" errors="0">
  <testcase name="cms_regulations" time="71.227" classname="CTD_Unprocessed_Events_Endpoint.disc_chrg_reg"/>
</testsuite> <!-- CTD_Unprocessed_Events_Endpoint.disc_chrg_reg -->
>>>>>>> Sync with Master
=======
>>>>>>> Dev
