<?xml version="1.0" encoding="UTF-8"?>
<!-- Generated by org.testng.reporters.JUnitReportReporter -->
<testsuite skipped="0" hostname="CAVICSRGXFTVT2" name="CTD_E2E.location" tests="1" failures="0" timestamp="22 Nov 2019 16:07:41 GMT" time="121.266" errors="0">
  <testcase name="locaevent" time="121.266" classname="CTD_E2E.location"/>
</testsuite> <!-- CTD_E2E.location -->
