<?xml version="1.0" encoding="UTF-8"?>
<!-- Generated by org.testng.reporters.JUnitReportReporter -->
<testsuite skipped="0" hostname="CAVICSRGXFTVT2" name="CTD_ContractTests.disciplinaryCharge_Insert_And_Delete" tests="1" failures="0" timestamp="18 Nov 2019 20:50:42 GMT" time="13.723" errors="0">
  <testcase name="insertanddeletedischarge" time="13.723" classname="CTD_ContractTests.disciplinaryCharge_Insert_And_Delete"/>
</testsuite> <!-- CTD_ContractTests.disciplinaryCharge_Insert_And_Delete -->
