<<<<<<< HEAD
<<<<<<< master
=======
>>>>>>> Dev
<?xml version="1.0" encoding="UTF-8"?>
<!-- Generated by org.testng.reporters.JUnitReportReporter -->
<testsuite skipped="0" hostname="CAVICSRGXFTVT2" name="CTD_Unprocessed_Events_Endpoint.act_event" tests="20" failures="0" timestamp="21 Jun 2019 20:55:09 GMT" time="763.566" errors="0">
  <testcase name="codeanddescriptionchanges" time="43.097" classname="CTD_Unprocessed_Events_Endpoint.act_event"/>
  <testcase name="codeanddescriptionchanges" time="47.657" classname="CTD_Unprocessed_Events_Endpoint.act_event"/>
  <testcase name="codeanddescriptionchanges" time="35.127" classname="CTD_Unprocessed_Events_Endpoint.act_event"/>
  <testcase name="codeanddescriptionchanges" time="54.514" classname="CTD_Unprocessed_Events_Endpoint.act_event"/>
  <testcase name="codeanddescriptionchanges" time="46.786" classname="CTD_Unprocessed_Events_Endpoint.act_event"/>
  <testcase name="codeanddescriptionchanges" time="32.371" classname="CTD_Unprocessed_Events_Endpoint.act_event"/>
  <testcase name="codeanddescriptionchanges" time="34.317" classname="CTD_Unprocessed_Events_Endpoint.act_event"/>
  <testcase name="codeanddescriptionchanges" time="46.755" classname="CTD_Unprocessed_Events_Endpoint.act_event"/>
  <testcase name="codeanddescriptionchanges" time="29.783" classname="CTD_Unprocessed_Events_Endpoint.act_event"/>
  <testcase name="codeanddescriptionchanges" time="38.869" classname="CTD_Unprocessed_Events_Endpoint.act_event"/>
  <testcase name="codeanddescriptionchanges" time="33.888" classname="CTD_Unprocessed_Events_Endpoint.act_event"/>
  <testcase name="codeanddescriptionchanges" time="32.849" classname="CTD_Unprocessed_Events_Endpoint.act_event"/>
  <testcase name="codeanddescriptionchanges" time="32.996" classname="CTD_Unprocessed_Events_Endpoint.act_event"/>
  <testcase name="codeanddescriptionchanges" time="35.821" classname="CTD_Unprocessed_Events_Endpoint.act_event"/>
  <testcase name="codeanddescriptionchanges" time="37.927" classname="CTD_Unprocessed_Events_Endpoint.act_event"/>
  <testcase name="codeanddescriptionchanges" time="32.040" classname="CTD_Unprocessed_Events_Endpoint.act_event"/>
  <testcase name="codeanddescriptionchanges" time="31.507" classname="CTD_Unprocessed_Events_Endpoint.act_event"/>
  <testcase name="codeanddescriptionchanges" time="30.974" classname="CTD_Unprocessed_Events_Endpoint.act_event"/>
  <testcase name="codeanddescriptionchanges" time="52.261" classname="CTD_Unprocessed_Events_Endpoint.act_event"/>
  <testcase name="codeanddescriptionchanges" time="34.027" classname="CTD_Unprocessed_Events_Endpoint.act_event"/>
</testsuite> <!-- CTD_Unprocessed_Events_Endpoint.act_event -->
<<<<<<< HEAD
=======
<?xml version="1.0" encoding="UTF-8"?>
<!-- Generated by org.testng.reporters.JUnitReportReporter -->
<testsuite skipped="0" hostname="CAVICSRGXFTVT2" name="CTD_Unprocessed_Events_Endpoint.act_event" tests="20" failures="0" timestamp="21 Jun 2019 20:55:09 GMT" time="763.566" errors="0">
  <testcase name="codeanddescriptionchanges" time="43.097" classname="CTD_Unprocessed_Events_Endpoint.act_event"/>
  <testcase name="codeanddescriptionchanges" time="47.657" classname="CTD_Unprocessed_Events_Endpoint.act_event"/>
  <testcase name="codeanddescriptionchanges" time="35.127" classname="CTD_Unprocessed_Events_Endpoint.act_event"/>
  <testcase name="codeanddescriptionchanges" time="54.514" classname="CTD_Unprocessed_Events_Endpoint.act_event"/>
  <testcase name="codeanddescriptionchanges" time="46.786" classname="CTD_Unprocessed_Events_Endpoint.act_event"/>
  <testcase name="codeanddescriptionchanges" time="32.371" classname="CTD_Unprocessed_Events_Endpoint.act_event"/>
  <testcase name="codeanddescriptionchanges" time="34.317" classname="CTD_Unprocessed_Events_Endpoint.act_event"/>
  <testcase name="codeanddescriptionchanges" time="46.755" classname="CTD_Unprocessed_Events_Endpoint.act_event"/>
  <testcase name="codeanddescriptionchanges" time="29.783" classname="CTD_Unprocessed_Events_Endpoint.act_event"/>
  <testcase name="codeanddescriptionchanges" time="38.869" classname="CTD_Unprocessed_Events_Endpoint.act_event"/>
  <testcase name="codeanddescriptionchanges" time="33.888" classname="CTD_Unprocessed_Events_Endpoint.act_event"/>
  <testcase name="codeanddescriptionchanges" time="32.849" classname="CTD_Unprocessed_Events_Endpoint.act_event"/>
  <testcase name="codeanddescriptionchanges" time="32.996" classname="CTD_Unprocessed_Events_Endpoint.act_event"/>
  <testcase name="codeanddescriptionchanges" time="35.821" classname="CTD_Unprocessed_Events_Endpoint.act_event"/>
  <testcase name="codeanddescriptionchanges" time="37.927" classname="CTD_Unprocessed_Events_Endpoint.act_event"/>
  <testcase name="codeanddescriptionchanges" time="32.040" classname="CTD_Unprocessed_Events_Endpoint.act_event"/>
  <testcase name="codeanddescriptionchanges" time="31.507" classname="CTD_Unprocessed_Events_Endpoint.act_event"/>
  <testcase name="codeanddescriptionchanges" time="30.974" classname="CTD_Unprocessed_Events_Endpoint.act_event"/>
  <testcase name="codeanddescriptionchanges" time="52.261" classname="CTD_Unprocessed_Events_Endpoint.act_event"/>
  <testcase name="codeanddescriptionchanges" time="34.027" classname="CTD_Unprocessed_Events_Endpoint.act_event"/>
</testsuite> <!-- CTD_Unprocessed_Events_Endpoint.act_event -->
>>>>>>> Sync with Master
=======
>>>>>>> Dev
