<?xml version="1.0" encoding="UTF-8"?>
<!-- Generated by org.testng.reporters.JUnitReportReporter -->
<testsuite skipped="0" hostname="CAVICSRGXFTVT2" name="DTC_clientlogs.cl" tests="1" failures="0" timestamp="25 Nov 2019 21:28:46 GMT" time="146.293" errors="0">
  <testcase name="dynamicstocornet" time="146.293" classname="DTC_clientlogs.cl"/>
</testsuite> <!-- DTC_clientlogs.cl -->
