<?xml version="1.0" encoding="UTF-8"?>
<!-- Generated by org.testng.reporters.JUnitReportReporter -->
<testsuite skipped="0" hostname="CAVICSRGXFTVT2" name="CTD_ContractTests.loc_event" tests="1" failures="0" timestamp="07 Nov 2019 19:05:49 GMT" time="29.668" errors="0">
  <testcase name="locaevent" time="29.668" classname="CTD_ContractTests.loc_event"/>
</testsuite> <!-- CTD_ContractTests.loc_event -->
