<?xml version="1.0" encoding="UTF-8"?>
<!-- Generated by org.testng.reporters.JUnitReportReporter -->
<testsuite skipped="0" hostname="CAVICSRGXFTVT2" name="CTD_ContractTests.tstone" tests="1" failures="0" timestamp="07 Nov 2019 19:54:23 GMT" time="390.336" errors="0">
  <testcase name="insertcl" time="390.336" classname="CTD_ContractTests.tstone"/>
</testsuite> <!-- CTD_ContractTests.tstone -->
