<?xml version="1.0" encoding="UTF-8"?>
<!-- Generated by org.testng.reporters.JUnitReportReporter -->
<testsuite skipped="0" hostname="CAVICSRGXFTVT2" name="CTD_E2E.transferReason" tests="1" failures="0" timestamp="22 Nov 2019 16:35:32 GMT" time="120.869" errors="0">
  <testcase name="cdchanges" time="120.869" classname="CTD_E2E.transferReason"/>
</testsuite> <!-- CTD_E2E.transferReason -->
