<?xml version="1.0" encoding="UTF-8"?>
<!-- Generated by org.testng.reporters.JUnitReportReporter -->
<testsuite skipped="0" hostname="CAVICSRGXFTVT2" name="CTD_ContractTests.disc_chrg_insanddel" tests="1" failures="0" timestamp="07 Nov 2019 19:02:38 GMT" time="17.127" errors="0">
  <testcase name="insertanddeletedischarge" time="17.127" classname="CTD_ContractTests.disc_chrg_insanddel"/>
</testsuite> <!-- CTD_ContractTests.disc_chrg_insanddel -->
