<<<<<<< HEAD
<<<<<<< master
=======
>>>>>>> Dev
<?xml version="1.0" encoding="UTF-8"?>
<!-- Generated by org.testng.reporters.JUnitReportReporter -->
<testsuite skipped="0" hostname="CAVICSRGXFTVT2" name="CTD_Unprocessed_Events_Endpoint.Transfer" tests="1" failures="0" timestamp="17 Jun 2019 22:12:43 GMT" time="16.797" errors="0">
  <testcase name="insert" time="16.797" classname="CTD_Unprocessed_Events_Endpoint.Transfer"/>
</testsuite> <!-- CTD_Unprocessed_Events_Endpoint.Transfer -->
<<<<<<< HEAD
=======
<?xml version="1.0" encoding="UTF-8"?>
<!-- Generated by org.testng.reporters.JUnitReportReporter -->
<testsuite skipped="0" hostname="CAVICSRGXFTVT2" name="CTD_Unprocessed_Events_Endpoint.Transfer" tests="1" failures="0" timestamp="17 Jun 2019 22:12:43 GMT" time="16.797" errors="0">
  <testcase name="insert" time="16.797" classname="CTD_Unprocessed_Events_Endpoint.Transfer"/>
</testsuite> <!-- CTD_Unprocessed_Events_Endpoint.Transfer -->
>>>>>>> Sync with Master
=======
>>>>>>> Dev
