<?xml version="1.0" encoding="UTF-8"?>
<!-- Generated by org.testng.reporters.JUnitReportReporter -->
<testsuite skipped="0" hostname="CAVICSRGXFTVT2" name="CTD_ContractTests.iareports" tests="6" failures="0" timestamp="27 Nov 2019 02:20:52 GMT" time="39.354" errors="0">
  <testcase name="reportabb" time="6.379" classname="CTD_ContractTests.iareports"/>
  <testcase name="report733" time="6.651" classname="CTD_ContractTests.iareports"/>
  <testcase name="report811" time="6.600" classname="CTD_ContractTests.iareports"/>
  <testcase name="abrreport" time="6.751" classname="CTD_ContractTests.iareports"/>
  <testcase name="psrreport" time="6.534" classname="CTD_ContractTests.iareports"/>
  <testcase name="reportbcs" time="6.439" classname="CTD_ContractTests.iareports"/>
</testsuite> <!-- CTD_ContractTests.iareports -->
