<<<<<<< master
<?xml version="1.0" encoding="UTF-8"?>
<!-- Generated by org.testng.reporters.JUnitReportReporter -->
<testsuite skipped="0" hostname="CAVICSRGXFTVT2" name="CTD_Unprocessed_Events_Endpoint.Trans" tests="1" failures="0" timestamp="27 Jun 2019 17:31:10 GMT" time="16.534" errors="0">
  <testcase name="insert" time="16.534" classname="CTD_Unprocessed_Events_Endpoint.Trans"/>
</testsuite> <!-- CTD_Unprocessed_Events_Endpoint.Trans -->
=======
<?xml version="1.0" encoding="UTF-8"?>
<!-- Generated by org.testng.reporters.JUnitReportReporter -->
<testsuite skipped="0" hostname="CAVICSRGXFTVT2" name="CTD_Unprocessed_Events_Endpoint.Trans" tests="1" failures="0" timestamp="27 Jun 2019 17:31:10 GMT" time="16.534" errors="0">
  <testcase name="insert" time="16.534" classname="CTD_Unprocessed_Events_Endpoint.Trans"/>
</testsuite> <!-- CTD_Unprocessed_Events_Endpoint.Trans -->
>>>>>>> Sync with Master
