<?xml version="1.0" encoding="UTF-8"?>
<!-- Generated by org.testng.reporters.JUnitReportReporter -->
<testsuite skipped="0" hostname="CAVICSRGXFTVT2" name="CTD_ContractTests.createIAEvent" tests="1" failures="0" timestamp="22 Nov 2019 19:20:34 GMT" time="122.270" errors="0">
  <testcase name="insertnotifications" time="122.270" classname="CTD_ContractTests.createIAEvent"/>
</testsuite> <!-- CTD_ContractTests.createIAEvent -->
