<?xml version="1.0" encoding="UTF-8"?>
<!-- Generated by org.testng.reporters.JUnitReportReporter -->
<testsuite skipped="0" hostname="CAVICSRGXFTVT2" name="DTC_clientlogs.cl" tests="1" failures="0" timestamp="22 Nov 2019 16:59:33 GMT" time="86.438" errors="0">
  <testcase name="dynamicstocornet" time="86.438" classname="DTC_clientlogs.cl"/>
</testsuite> <!-- DTC_clientlogs.cl -->
