<<<<<<< master
<?xml version="1.0" encoding="UTF-8"?>
<!-- Generated by org.testng.reporters.JUnitReportReporter -->
<testsuite skipped="0" hostname="CAVICSRGXFTVT2" name="CTD_ContractTests.disc_chrg_reg" tests="1" failures="0" timestamp="02 Jul 2019 23:00:33 GMT" time="71.806" errors="0">
  <testcase name="cms_regulations" time="71.806" classname="CTD_ContractTests.disc_chrg_reg"/>
</testsuite> <!-- CTD_ContractTests.disc_chrg_reg -->
=======
<?xml version="1.0" encoding="UTF-8"?>
<!-- Generated by org.testng.reporters.JUnitReportReporter -->
<testsuite skipped="0" hostname="CAVICSRGXFTVT2" name="CTD_ContractTests.disc_chrg_reg" tests="1" failures="0" timestamp="02 Jul 2019 23:00:33 GMT" time="71.806" errors="0">
  <testcase name="cms_regulations" time="71.806" classname="CTD_ContractTests.disc_chrg_reg"/>
</testsuite> <!-- CTD_ContractTests.disc_chrg_reg -->
>>>>>>> Sync with Master
