<?xml version="1.0" encoding="UTF-8"?>
<!-- Generated by org.testng.reporters.JUnitReportReporter -->
<testsuite skipped="0" hostname="CAVICSRGXFTVT2" name="CTD_ContractTests.dynamics" tests="1" failures="0" timestamp="30 Aug 2019 19:23:54 GMT" time="5.155" errors="0">
  <testcase name="whenPostJsonUsingHttpClient_thenCorrect" time="5.155" classname="CTD_ContractTests.dynamics"/>
</testsuite> <!-- CTD_ContractTests.dynamics -->
