<?xml version="1.0" encoding="UTF-8"?>
<!-- Generated by org.testng.reporters.JUnitReportReporter -->
<testsuite skipped="1" hostname="CAVICSRGXFTVT2" name="CTD_PerformanceTest.performanceTests_CTD" tests="1" failures="0" timestamp="18 Nov 2019 20:41:59 GMT" time="256.029" errors="0">
  <testcase name="insert" time="256.029" classname="CTD_PerformanceTest.performanceTests_CTD">
    <skipped/>
  </testcase> <!-- insert -->
</testsuite> <!-- CTD_PerformanceTest.performanceTests_CTD -->
