<?xml version="1.0" encoding="UTF-8"?>
<!-- Generated by org.testng.reporters.JUnitReportReporter -->
<testsuite skipped="0" hostname="CAVICSRGXFTVT2" name="CTD_ContractTests.at_event" tests="1" failures="0" timestamp="07 Nov 2019 18:59:28 GMT" time="16.762" errors="0">
  <testcase name="codeanddescriptionchanges" time="16.762" classname="CTD_ContractTests.at_event"/>
</testsuite> <!-- CTD_ContractTests.at_event -->
