<?xml version="1.0" encoding="UTF-8"?>
<!-- Generated by org.testng.reporters.JUnitReportReporter -->
<testsuite skipped="0" hostname="CAVICSRGXFTVT2" name="CTD_Unprocessed_Events_Endpoint.disc_chrg" tests="5" failures="0" timestamp="30 Jun 2019 02:57:02 GMT" time="83.228" errors="0">
  <testcase name="sld_ynntoy" time="9.341" classname="CTD_Unprocessed_Events_Endpoint.disc_chrg"/>
  <testcase name="sld_ynyton" time="19.284" classname="CTD_Unprocessed_Events_Endpoint.disc_chrg"/>
  <testcase name="reg_id" time="30.925" classname="CTD_Unprocessed_Events_Endpoint.disc_chrg"/>
  <testcase name="chg_dtchangedfromlast5yrstopast5yrs" time="14.457" classname="CTD_Unprocessed_Events_Endpoint.disc_chrg"/>
  <testcase name="charge_dtchangedpast5yrstolast5yrs" time="9.221" classname="CTD_Unprocessed_Events_Endpoint.disc_chrg"/>
</testsuite> <!-- CTD_Unprocessed_Events_Endpoint.disc_chrg -->
