<?xml version="1.0" encoding="UTF-8"?>
<!-- Generated by org.testng.reporters.JUnitReportReporter -->
<testsuite skipped="0" hostname="CAVICSRGXFTVT2" name="CTD_ContractTests.act" tests="1" failures="0" timestamp="18 Nov 2019 20:50:04 GMT" time="18.971" errors="0">
  <testcase name="codeanddescriptionchanges" time="18.971" classname="CTD_ContractTests.act"/>
</testsuite> <!-- CTD_ContractTests.act -->
