<<<<<<< master
<?xml version="1.0" encoding="UTF-8"?>
<!-- Generated by org.testng.reporters.JUnitReportReporter -->
<testsuite skipped="0" hostname="CAVICSRGXFTVT2" name="CTD_ContractTests.Transrea" tests="1" failures="0" timestamp="03 Jul 2019 20:17:24 GMT" time="45.757" errors="0">
  <testcase name="cdchanges" time="45.757" classname="CTD_ContractTests.Transrea"/>
</testsuite> <!-- CTD_ContractTests.Transrea -->
=======
<?xml version="1.0" encoding="UTF-8"?>
<!-- Generated by org.testng.reporters.JUnitReportReporter -->
<testsuite skipped="0" hostname="CAVICSRGXFTVT2" name="CTD_ContractTests.Transrea" tests="1" failures="0" timestamp="03 Jul 2019 20:17:24 GMT" time="45.757" errors="0">
  <testcase name="cdchanges" time="45.757" classname="CTD_ContractTests.Transrea"/>
</testsuite> <!-- CTD_ContractTests.Transrea -->
>>>>>>> Sync with Master
