<<<<<<< master
<?xml version="1.0" encoding="UTF-8"?>
<!-- Generated by org.testng.reporters.JUnitReportReporter -->
<testsuite skipped="0" hostname="CAVICSRGXFTVT2" name="CTD.Unprocessed_Events_Tombstone_Validation_cms_clients" tests="4" failures="0" timestamp="22 May 2019 22:41:06 GMT" time="5.751" errors="0">
  <testcase name="Test_for_validating_tomstone_event_gendercdchanges_cms_clients_existingclient" time="0.962" classname="CTD.Unprocessed_Events_Tombstone_Validation_cms_clients"/>
  <testcase name="Test_for_validating_tomstone_event_sealedynchanges_cms_clients_existingclient" time="0.948" classname="CTD.Unprocessed_Events_Tombstone_Validation_cms_clients"/>
  <testcase name="Test_for_validating_tomstone_event_gendercdchanges_cms_clients_existingclient" time="2.886" classname="CTD.Unprocessed_Events_Tombstone_Validation_cms_clients"/>
  <testcase name="Test_for_validating_tomstone_event_sealedynchanges_cms_clients_existingclient" time="0.955" classname="CTD.Unprocessed_Events_Tombstone_Validation_cms_clients"/>
</testsuite> <!-- CTD.Unprocessed_Events_Tombstone_Validation_cms_clients -->
=======
<?xml version="1.0" encoding="UTF-8"?>
<!-- Generated by org.testng.reporters.JUnitReportReporter -->
<testsuite skipped="0" hostname="CAVICSRGXFTVT2" name="CTD.Unprocessed_Events_Tombstone_Validation_cms_clients" tests="4" failures="0" timestamp="22 May 2019 22:41:06 GMT" time="5.751" errors="0">
  <testcase name="Test_for_validating_tomstone_event_gendercdchanges_cms_clients_existingclient" time="0.962" classname="CTD.Unprocessed_Events_Tombstone_Validation_cms_clients"/>
  <testcase name="Test_for_validating_tomstone_event_sealedynchanges_cms_clients_existingclient" time="0.948" classname="CTD.Unprocessed_Events_Tombstone_Validation_cms_clients"/>
  <testcase name="Test_for_validating_tomstone_event_gendercdchanges_cms_clients_existingclient" time="2.886" classname="CTD.Unprocessed_Events_Tombstone_Validation_cms_clients"/>
  <testcase name="Test_for_validating_tomstone_event_sealedynchanges_cms_clients_existingclient" time="0.955" classname="CTD.Unprocessed_Events_Tombstone_Validation_cms_clients"/>
</testsuite> <!-- CTD.Unprocessed_Events_Tombstone_Validation_cms_clients -->
>>>>>>> Sync with Master
