<?xml version="1.0" encoding="UTF-8"?>
<!-- Generated by org.testng.reporters.JUnitReportReporter -->
<testsuite skipped="0" hostname="CAVICSRGXFTVT2" name="CTD_Cliemrg.clientmrg" tests="1" failures="0" timestamp="25 Nov 2019 23:49:28 GMT" time="416.337" errors="0">
  <testcase name="webdriver" time="416.337" classname="CTD_Cliemrg.clientmrg"/>
</testsuite> <!-- CTD_Cliemrg.clientmrg -->
