<<<<<<< HEAD
<<<<<<< master
=======
>>>>>>> Dev
<?xml version="1.0" encoding="UTF-8"?>
<!-- Generated by org.testng.reporters.JUnitReportReporter -->
<testsuite skipped="0" hostname="CAVICSRGXFTVT2" name="CTD_ContractTests.Trans" tests="1" failures="0" timestamp="03 Jul 2019 19:42:44 GMT" time="50.600" errors="0">
  <testcase name="insert" time="50.600" classname="CTD_ContractTests.Trans"/>
</testsuite> <!-- CTD_ContractTests.Trans -->
<<<<<<< HEAD
=======
<?xml version="1.0" encoding="UTF-8"?>
<!-- Generated by org.testng.reporters.JUnitReportReporter -->
<testsuite skipped="0" hostname="CAVICSRGXFTVT2" name="CTD_ContractTests.Trans" tests="1" failures="0" timestamp="03 Jul 2019 19:42:44 GMT" time="50.600" errors="0">
  <testcase name="insert" time="50.600" classname="CTD_ContractTests.Trans"/>
</testsuite> <!-- CTD_ContractTests.Trans -->
>>>>>>> Sync with Master
=======
>>>>>>> Dev
