<?xml version="1.0" encoding="UTF-8"?>
<!-- Generated by org.testng.reporters.JUnitReportReporter -->
<testsuite skipped="0" hostname="CAVICSRGXFTVT2" name="DTC_clientlogs.cl" tests="1" failures="0" timestamp="19 Aug 2019 16:09:31 GMT" time="85.491" errors="0">
  <testcase name="dynamicstocornet" time="85.491" classname="DTC_clientlogs.cl"/>
</testsuite> <!-- DTC_clientlogs.cl -->
