<?xml version="1.0" encoding="UTF-8"?>
<!-- Generated by org.testng.reporters.JUnitReportReporter -->
<testsuite skipped="0" hostname="CAVICSRGXFTVT2" name="CTD_Unprocessed_Events_Endpoint.Location" tests="1" failures="0" timestamp="24 Jun 2019 02:46:40 GMT" time="60.095" errors="0">
  <testcase name="locaevent" time="60.095" classname="CTD_Unprocessed_Events_Endpoint.Location"/>
</testsuite> <!-- CTD_Unprocessed_Events_Endpoint.Location -->
