<?xml version="1.0" encoding="UTF-8"?>
<!-- Generated by org.testng.reporters.JUnitReportReporter -->
<testsuite skipped="0" hostname="CAVICSRGXFTVT2" name="CTD_ContractTests.ia" tests="4" failures="0" timestamp="25 Nov 2019 17:00:35 GMT" time="17.597" errors="0">
  <testcase name="chargecountesc" time="4.238" classname="CTD_ContractTests.ia"/>
  <testcase name="chargecountvio" time="4.162" classname="CTD_ContractTests.ia"/>
  <testcase name="chargecountdrg" time="4.746" classname="CTD_ContractTests.ia"/>
  <testcase name="chargecountsro" time="4.451" classname="CTD_ContractTests.ia"/>
</testsuite> <!-- CTD_ContractTests.ia -->
