<?xml version="1.0" encoding="UTF-8"?>
<!-- Generated by org.testng.reporters.JUnitReportReporter -->
<testsuite skipped="0" hostname="CAVICSRGXFTVT2" name="CTD_ContractTests.disc_chrg" tests="5" failures="0" timestamp="07 Nov 2019 19:05:02 GMT" time="27.730" errors="0">
  <testcase name="chg_dtchangedfromlast5yrstopast5yrs" time="4.417" classname="CTD_ContractTests.disc_chrg"/>
  <testcase name="charge_dtchangedpast5yrstolast5yrs" time="4.623" classname="CTD_ContractTests.disc_chrg"/>
  <testcase name="sld_ynntoy" time="4.645" classname="CTD_ContractTests.disc_chrg"/>
  <testcase name="reg_id" time="9.556" classname="CTD_ContractTests.disc_chrg"/>
  <testcase name="sld_ynyton" time="4.489" classname="CTD_ContractTests.disc_chrg"/>
</testsuite> <!-- CTD_ContractTests.disc_chrg -->
