<<<<<<< master
<?xml version="1.0" encoding="UTF-8"?>
<!-- Generated by org.testng.reporters.JUnitReportReporter -->
<testsuite skipped="0" hostname="CAVICSRGXFTVT2" name="CTD_ContractTests.disc_chrg_insanddel" tests="1" failures="0" timestamp="02 Jul 2019 23:02:24 GMT" time="31.506" errors="0">
  <testcase name="insertanddeletedischarge" time="31.506" classname="CTD_ContractTests.disc_chrg_insanddel"/>
</testsuite> <!-- CTD_ContractTests.disc_chrg_insanddel -->
=======
<?xml version="1.0" encoding="UTF-8"?>
<!-- Generated by org.testng.reporters.JUnitReportReporter -->
<testsuite skipped="0" hostname="CAVICSRGXFTVT2" name="CTD_ContractTests.disc_chrg_insanddel" tests="1" failures="0" timestamp="02 Jul 2019 23:02:24 GMT" time="31.506" errors="0">
  <testcase name="insertanddeletedischarge" time="31.506" classname="CTD_ContractTests.disc_chrg_insanddel"/>
</testsuite> <!-- CTD_ContractTests.disc_chrg_insanddel -->
>>>>>>> Sync with Master
