<<<<<<< HEAD
<<<<<<< master
=======
>>>>>>> Dev
<?xml version="1.0" encoding="UTF-8"?>
<!-- Generated by org.testng.reporters.JUnitReportReporter -->
<testsuite skipped="0" hostname="CAVICSRGXFTVT2" name="CTD_Unprocessed_Events_Endpoint.Statutes" tests="1" failures="0" timestamp="18 Jun 2019 20:32:02 GMT" time="316.288" errors="0">
  <testcase name="insertupdateanddelete" time="316.288" classname="CTD_Unprocessed_Events_Endpoint.Statutes"/>
</testsuite> <!-- CTD_Unprocessed_Events_Endpoint.Statutes -->
<<<<<<< HEAD
=======
<?xml version="1.0" encoding="UTF-8"?>
<!-- Generated by org.testng.reporters.JUnitReportReporter -->
<testsuite skipped="0" hostname="CAVICSRGXFTVT2" name="CTD_Unprocessed_Events_Endpoint.Statutes" tests="1" failures="0" timestamp="18 Jun 2019 20:32:02 GMT" time="316.288" errors="0">
  <testcase name="insertupdateanddelete" time="316.288" classname="CTD_Unprocessed_Events_Endpoint.Statutes"/>
</testsuite> <!-- CTD_Unprocessed_Events_Endpoint.Statutes -->
>>>>>>> Sync with Master
=======
>>>>>>> Dev
