<?xml version="1.0" encoding="UTF-8"?>
<!-- Generated by org.testng.reporters.JUnitReportReporter -->
<testsuite skipped="0" hostname="CAVICSRGXFTVT2" name="CTD_ContractTests.Trans" tests="1" failures="0" timestamp="07 Nov 2019 19:07:28 GMT" time="26.665" errors="0">
  <testcase name="insert" time="26.665" classname="CTD_ContractTests.Trans"/>
</testsuite> <!-- CTD_ContractTests.Trans -->
