<?xml version="1.0" encoding="UTF-8"?>
<!-- Generated by org.testng.reporters.JUnitReportReporter -->
<testsuite skipped="0" hostname="CAVICSRGXFTVT2" name="CTD_E2E.tstone" tests="1" failures="0" timestamp="09 Aug 2019 20:06:13 GMT" time="899.308" errors="0">
  <testcase name="insertcl" time="899.308" classname="CTD_E2E.tstone"/>
</testsuite> <!-- CTD_E2E.tstone -->
