<<<<<<< HEAD
<<<<<<< master
=======
>>>>>>> Dev
<?xml version="1.0" encoding="UTF-8"?>
<!-- Generated by org.testng.reporters.JUnitReportReporter -->
<testsuite skipped="0" hostname="CAVICSRGXFTVT2" name="CTD_Unprocessed_Events_Endpoint.Unprocessed_Events_Disciplinary_Charge_cms_disciplinary_charges" tests="5" failures="0" timestamp="31 May 2019 19:32:12 GMT" time="17.641" errors="0">
  <testcase name="charge_dtchangedpast5yrstolast5yrs" time="2.434" classname="CTD_Unprocessed_Events_Endpoint.Unprocessed_Events_Disciplinary_Charge_cms_disciplinary_charges"/>
  <testcase name="charge_dtchangedfromlast5yrstopast5yrs" time="3.121" classname="CTD_Unprocessed_Events_Endpoint.Unprocessed_Events_Disciplinary_Charge_cms_disciplinary_charges"/>
  <testcase name="regu_id" time="5.150" classname="CTD_Unprocessed_Events_Endpoint.Unprocessed_Events_Disciplinary_Charge_cms_disciplinary_charges"/>
  <testcase name="sealed_ynntoy" time="4.513" classname="CTD_Unprocessed_Events_Endpoint.Unprocessed_Events_Disciplinary_Charge_cms_disciplinary_charges"/>
  <testcase name="sealed_ynyton" time="2.423" classname="CTD_Unprocessed_Events_Endpoint.Unprocessed_Events_Disciplinary_Charge_cms_disciplinary_charges"/>
</testsuite> <!-- CTD_Unprocessed_Events_Endpoint.Unprocessed_Events_Disciplinary_Charge_cms_disciplinary_charges -->
<<<<<<< HEAD
=======
<?xml version="1.0" encoding="UTF-8"?>
<!-- Generated by org.testng.reporters.JUnitReportReporter -->
<testsuite skipped="0" hostname="CAVICSRGXFTVT2" name="CTD_Unprocessed_Events_Endpoint.Unprocessed_Events_Disciplinary_Charge_cms_disciplinary_charges" tests="5" failures="0" timestamp="31 May 2019 19:32:12 GMT" time="17.641" errors="0">
  <testcase name="charge_dtchangedpast5yrstolast5yrs" time="2.434" classname="CTD_Unprocessed_Events_Endpoint.Unprocessed_Events_Disciplinary_Charge_cms_disciplinary_charges"/>
  <testcase name="charge_dtchangedfromlast5yrstopast5yrs" time="3.121" classname="CTD_Unprocessed_Events_Endpoint.Unprocessed_Events_Disciplinary_Charge_cms_disciplinary_charges"/>
  <testcase name="regu_id" time="5.150" classname="CTD_Unprocessed_Events_Endpoint.Unprocessed_Events_Disciplinary_Charge_cms_disciplinary_charges"/>
  <testcase name="sealed_ynntoy" time="4.513" classname="CTD_Unprocessed_Events_Endpoint.Unprocessed_Events_Disciplinary_Charge_cms_disciplinary_charges"/>
  <testcase name="sealed_ynyton" time="2.423" classname="CTD_Unprocessed_Events_Endpoint.Unprocessed_Events_Disciplinary_Charge_cms_disciplinary_charges"/>
</testsuite> <!-- CTD_Unprocessed_Events_Endpoint.Unprocessed_Events_Disciplinary_Charge_cms_disciplinary_charges -->
>>>>>>> Sync with Master
=======
>>>>>>> Dev
