<?xml version="1.0" encoding="UTF-8"?>
<!-- Generated by org.testng.reporters.JUnitReportReporter -->
<testsuite skipped="0" hostname="CAVICSRGXFTVT2" name="CTD_E2E.E2E" tests="1" failures="0" timestamp="08 Nov 2019 17:43:45 GMT" time="205.394" errors="0">
  <testcase name="tombstone" time="205.394" classname="CTD_E2E.E2E"/>
</testsuite> <!-- CTD_E2E.E2E -->
