<?xml version="1.0" encoding="UTF-8"?>
<!-- Generated by org.testng.reporters.JUnitReportReporter -->
<testsuite skipped="0" hostname="CAVICSRGXFTVT2" name="CTD_E2E.disciplinaryCharge" tests="1" failures="0" timestamp="22 Nov 2019 16:03:59 GMT" time="123.032" errors="0">
  <testcase name="insertanddeletedischarge" time="123.032" classname="CTD_E2E.disciplinaryCharge"/>
</testsuite> <!-- CTD_E2E.disciplinaryCharge -->
