<<<<<<< master
<?xml version="1.0" encoding="UTF-8"?>
<!-- Generated by org.testng.reporters.JUnitReportReporter -->
<testsuite skipped="0" hostname="CAVICSRGXFTVT2" name="CTD_Unprocessed_Events_Endpoint.Unprocessed_Events_Tombstone_cms_personal_chars" tests="2" failures="0" timestamp="30 May 2019 23:24:16 GMT" time="40.256" errors="0">
  <testcase name="pcty_cdto" time="21.941" classname="CTD_Unprocessed_Events_Endpoint.Unprocessed_Events_Tombstone_cms_personal_chars"/>
  <testcase name="pcty_cdfrom" time="18.315" classname="CTD_Unprocessed_Events_Endpoint.Unprocessed_Events_Tombstone_cms_personal_chars"/>
</testsuite> <!-- CTD_Unprocessed_Events_Endpoint.Unprocessed_Events_Tombstone_cms_personal_chars -->
=======
<?xml version="1.0" encoding="UTF-8"?>
<!-- Generated by org.testng.reporters.JUnitReportReporter -->
<testsuite skipped="0" hostname="CAVICSRGXFTVT2" name="CTD_Unprocessed_Events_Endpoint.Unprocessed_Events_Tombstone_cms_personal_chars" tests="2" failures="0" timestamp="30 May 2019 23:24:16 GMT" time="40.256" errors="0">
  <testcase name="pcty_cdto" time="21.941" classname="CTD_Unprocessed_Events_Endpoint.Unprocessed_Events_Tombstone_cms_personal_chars"/>
  <testcase name="pcty_cdfrom" time="18.315" classname="CTD_Unprocessed_Events_Endpoint.Unprocessed_Events_Tombstone_cms_personal_chars"/>
</testsuite> <!-- CTD_Unprocessed_Events_Endpoint.Unprocessed_Events_Tombstone_cms_personal_chars -->
>>>>>>> Sync with Master
