<<<<<<< HEAD
<<<<<<< master
=======
>>>>>>> Dev
<?xml version="1.0" encoding="UTF-8"?>
<!-- Generated by org.testng.reporters.JUnitReportReporter -->
<testsuite skipped="0" hostname="CAVICSRGXFTVT2" name="CTD.Unprocessed_Events_Tombstone_Validation_cms_client_names" tests="1" failures="0" timestamp="22 May 2019 22:15:35 GMT" time="3.563" errors="0">
  <testcase name="Test_for_validating_tomstone_event_current_name_yn_cms_client_names_existingclient" time="3.563" classname="CTD.Unprocessed_Events_Tombstone_Validation_cms_client_names"/>
</testsuite> <!-- CTD.Unprocessed_Events_Tombstone_Validation_cms_client_names -->
<<<<<<< HEAD
=======
<?xml version="1.0" encoding="UTF-8"?>
<!-- Generated by org.testng.reporters.JUnitReportReporter -->
<testsuite skipped="0" hostname="CAVICSRGXFTVT2" name="CTD.Unprocessed_Events_Tombstone_Validation_cms_client_names" tests="1" failures="0" timestamp="22 May 2019 22:15:35 GMT" time="3.563" errors="0">
  <testcase name="Test_for_validating_tomstone_event_current_name_yn_cms_client_names_existingclient" time="3.563" classname="CTD.Unprocessed_Events_Tombstone_Validation_cms_client_names"/>
</testsuite> <!-- CTD.Unprocessed_Events_Tombstone_Validation_cms_client_names -->
>>>>>>> Sync with Master
=======
>>>>>>> Dev
