<?xml version="1.0" encoding="UTF-8"?>
<!-- Generated by org.testng.reporters.JUnitReportReporter -->
<testsuite skipped="0" hostname="CAVICSRGXFTVT2" name="CTD_Unprocessed_Events_Endpoint.TransferReason_cms_move_reason_types" tests="1" failures="0" timestamp="31 May 2019 19:07:06 GMT" time="10.411" errors="0">
  <testcase name="cdchanges" time="10.411" classname="CTD_Unprocessed_Events_Endpoint.TransferReason_cms_move_reason_types"/>
</testsuite> <!-- CTD_Unprocessed_Events_Endpoint.TransferReason_cms_move_reason_types -->
