<?xml version="1.0" encoding="UTF-8"?>
<!-- Generated by org.testng.reporters.JUnitReportReporter -->
<testsuite skipped="0" hostname="CAVICSRGXFTVT2" name="CTD_Unprocessed_Events_Endpoint.TransferReason" tests="1" failures="0" timestamp="18 Jun 2019 21:36:39 GMT" time="257.450" errors="0">
  <testcase name="cdchanges" time="257.450" classname="CTD_Unprocessed_Events_Endpoint.TransferReason"/>
</testsuite> <!-- CTD_Unprocessed_Events_Endpoint.TransferReason -->
