<?xml version="1.0" encoding="UTF-8"?>
<!-- Generated by org.testng.reporters.JUnitReportReporter -->
<testsuite skipped="0" hostname="CAVICSRGXFTVT2" name="CTD_ContractTests.iachgcount" tests="4" failures="0" timestamp="27 Nov 2019 01:40:59 GMT" time="16.217" errors="0">
  <testcase name="chargecountvio" time="4.058" classname="CTD_ContractTests.iachgcount"/>
  <testcase name="chargecountdrg" time="4.101" classname="CTD_ContractTests.iachgcount"/>
  <testcase name="chargecountesc" time="3.988" classname="CTD_ContractTests.iachgcount"/>
  <testcase name="chargecountsro" time="4.070" classname="CTD_ContractTests.iachgcount"/>
</testsuite> <!-- CTD_ContractTests.iachgcount -->
