<?xml version="1.0" encoding="UTF-8"?>
<!-- Generated by org.testng.reporters.JUnitReportReporter -->
<testsuite skipped="0" hostname="CAVICSRGXFTVT2" name="CTD_ContractTests.Transrea" tests="1" failures="0" timestamp="07 Nov 2019 19:08:05 GMT" time="18.923" errors="0">
  <testcase name="cdchanges" time="18.923" classname="CTD_ContractTests.Transrea"/>
</testsuite> <!-- CTD_ContractTests.Transrea -->
