<?xml version="1.0" encoding="UTF-8"?>
<!-- Generated by org.testng.reporters.JUnitReportReporter -->
<testsuite skipped="0" hostname="CAVICSRGXFTVT2" name="CTD_Unprocessed_Events_Endpoint.disc_chrg_insanddel" tests="1" failures="0" timestamp="27 Jun 2019 22:12:26 GMT" time="28.678" errors="0">
  <testcase name="insertanddeletedischarge" time="28.678" classname="CTD_Unprocessed_Events_Endpoint.disc_chrg_insanddel"/>
</testsuite> <!-- CTD_Unprocessed_Events_Endpoint.disc_chrg_insanddel -->
