<?xml version="1.0" encoding="UTF-8"?>
<!-- Generated by org.testng.reporters.JUnitReportReporter -->
<testsuite skipped="0" hostname="CAVICSRGXFTVT2" name="CTD_E2E.perfchart" tests="1" failures="0" timestamp="11 Jul 2019 18:25:51 GMT" time="0.022" errors="0">
  <testcase name="gettimest" time="0.022" classname="CTD_E2E.perfchart"/>
</testsuite> <!-- CTD_E2E.perfchart -->
