<?xml version="1.0" encoding="UTF-8"?>
<!-- Generated by org.testng.reporters.JUnitReportReporter -->
<testsuite hostname="NBVIC11126" failures="0" tests="1" name="CTD.Queue_Management_Process_AdditionTest" time="4.024" errors="0" timestamp="13 May 2019 19:22:57 GMT" skipped="0">
  <testcase classname="CTD.Queue_Management_Process_AdditionTest" name="exampleGetTest" time="4.024"/>
</testsuite> <!-- CTD.Queue_Management_Process_AdditionTest -->
