<<<<<<< HEAD
<<<<<<< master
=======
>>>>>>> Dev
<?xml version="1.0" encoding="UTF-8"?>
<!-- Generated by org.testng.reporters.JUnitReportReporter -->
<testsuite skipped="0" hostname="CAVICSRGXFTVT2" name="CTD_ContractTests.disc_chrg" tests="5" failures="0" timestamp="04 Jul 2019 19:28:20 GMT" time="51.564" errors="0">
  <testcase name="sld_ynntoy" time="9.992" classname="CTD_ContractTests.disc_chrg"/>
  <testcase name="charge_dtchangedpast5yrstolast5yrs" time="12.681" classname="CTD_ContractTests.disc_chrg"/>
  <testcase name="chg_dtchangedfromlast5yrstopast5yrs" time="8.931" classname="CTD_ContractTests.disc_chrg"/>
  <testcase name="sld_ynyton" time="8.803" classname="CTD_ContractTests.disc_chrg"/>
  <testcase name="reg_id" time="11.157" classname="CTD_ContractTests.disc_chrg"/>
</testsuite> <!-- CTD_ContractTests.disc_chrg -->
<<<<<<< HEAD
=======
<?xml version="1.0" encoding="UTF-8"?>
<!-- Generated by org.testng.reporters.JUnitReportReporter -->
<testsuite skipped="0" hostname="CAVICSRGXFTVT2" name="CTD_ContractTests.disc_chrg" tests="5" failures="0" timestamp="04 Jul 2019 19:28:20 GMT" time="51.564" errors="0">
  <testcase name="sld_ynntoy" time="9.992" classname="CTD_ContractTests.disc_chrg"/>
  <testcase name="charge_dtchangedpast5yrstolast5yrs" time="12.681" classname="CTD_ContractTests.disc_chrg"/>
  <testcase name="chg_dtchangedfromlast5yrstopast5yrs" time="8.931" classname="CTD_ContractTests.disc_chrg"/>
  <testcase name="sld_ynyton" time="8.803" classname="CTD_ContractTests.disc_chrg"/>
  <testcase name="reg_id" time="11.157" classname="CTD_ContractTests.disc_chrg"/>
</testsuite> <!-- CTD_ContractTests.disc_chrg -->
>>>>>>> Sync with Master
=======
>>>>>>> Dev
