<?xml version="1.0" encoding="UTF-8"?>
<!-- Generated by org.testng.reporters.JUnitReportReporter -->
<testsuite skipped="0" hostname="CAVICSRGXFTVT2" name="CTD_ContractTests.at_event" tests="1" failures="0" timestamp="05 Jul 2019 15:26:29 GMT" time="52.893" errors="0">
  <testcase name="codeanddescriptionchanges" time="52.893" classname="CTD_ContractTests.at_event"/>
</testsuite> <!-- CTD_ContractTests.at_event -->
