<?xml version="1.0" encoding="UTF-8"?>
<!-- Generated by org.testng.reporters.JUnitReportReporter -->
<testsuite skipped="0" hostname="CAVICSRGXFTVT2" name="CTD_ContractTests.personalxref" tests="3" failures="0" timestamp="18 Nov 2019 20:12:14 GMT" time="91.663" errors="0">
  <testcase name="verifyords" time="0.729" classname="CTD_ContractTests.personalxref"/>
  <testcase name="insertcode" time="87.802" classname="CTD_ContractTests.personalxref"/>
  <testcase name="verifyadapter" time="3.132" classname="CTD_ContractTests.personalxref"/>
</testsuite> <!-- CTD_ContractTests.personalxref -->
