<<<<<<< HEAD
<<<<<<< master
=======
>>>>>>> Dev
<?xml version="1.0" encoding="UTF-8"?>
<!-- Generated by org.testng.reporters.JUnitReportReporter -->
<testsuite skipped="0" hostname="CAVICSRGXFTVT2" name="CTD_ContractTests.loc_event" tests="1" failures="0" timestamp="02 Jul 2019 23:05:42 GMT" time="75.090" errors="0">
  <testcase name="locaevent" time="75.090" classname="CTD_ContractTests.loc_event"/>
</testsuite> <!-- CTD_ContractTests.loc_event -->
<<<<<<< HEAD
=======
<?xml version="1.0" encoding="UTF-8"?>
<!-- Generated by org.testng.reporters.JUnitReportReporter -->
<testsuite skipped="0" hostname="CAVICSRGXFTVT2" name="CTD_ContractTests.loc_event" tests="1" failures="0" timestamp="02 Jul 2019 23:05:42 GMT" time="75.090" errors="0">
  <testcase name="locaevent" time="75.090" classname="CTD_ContractTests.loc_event"/>
</testsuite> <!-- CTD_ContractTests.loc_event -->
>>>>>>> Sync with Master
=======
>>>>>>> Dev
