<?xml version="1.0" encoding="UTF-8"?>
<!-- Generated by org.testng.reporters.JUnitReportReporter -->
<testsuite skipped="0" hostname="CAVICSRGXFTVT2" name="CTD_PerformanceTest.performanceTests_CTD" tests="1" failures="0" timestamp="24 Nov 2019 19:11:28 GMT" time="568.046" errors="0">
  <testcase name="insert" time="568.046" classname="CTD_PerformanceTest.performanceTests_CTD"/>
</testsuite> <!-- CTD_PerformanceTest.performanceTests_CTD -->
