<?xml version="1.0" encoding="UTF-8"?>
<!-- Generated by org.testng.reporters.JUnitReportReporter -->
<testsuite skipped="0" hostname="CAVICSRGXFTVT2" name="CTD_PerformanceTest.perf_CTD" tests="1" failures="0" timestamp="18 Aug 2019 23:57:19 GMT" time="430.206" errors="0">
  <testcase name="insert" time="430.206" classname="CTD_PerformanceTest.perf_CTD"/>
</testsuite> <!-- CTD_PerformanceTest.perf_CTD -->
