<?xml version="1.0" encoding="UTF-8"?>
<!-- Generated by org.testng.reporters.JUnitReportReporter -->
<testsuite skipped="0" hostname="CAVICSRGXFTVT2" name="CTD_Unprocessed_Events_Endpointresources.Unprocessed_Events_Endpoint_ValidationTransferReason" tests="1" failures="0" timestamp="30 May 2019 19:48:48 GMT" time="2.196" errors="0">
  <testcase name="exampleGetTest" time="2.196" classname="CTD_Unprocessed_Events_Endpointresources.Unprocessed_Events_Endpoint_ValidationTransferReason"/>
</testsuite> <!-- CTD_Unprocessed_Events_Endpointresources.Unprocessed_Events_Endpoint_ValidationTransferReason -->
