<?xml version="1.0" encoding="UTF-8"?>
<!-- Generated by org.testng.reporters.JUnitReportReporter -->
<testsuite skipped="0" hostname="CAVICSRGXFTVT2" name="CTD_ContractTests.tstone_insanddel" tests="1" failures="0" timestamp="30 Jul 2019 21:42:28 GMT" time="502.299" errors="0">
  <testcase name="insertcl" time="502.299" classname="CTD_ContractTests.tstone_insanddel"/>
</testsuite> <!-- CTD_ContractTests.tstone_insanddel -->
