<?xml version="1.0" encoding="UTF-8"?>
<!-- Generated by org.testng.reporters.JUnitReportReporter -->
<testsuite skipped="0" hostname="CAVICSRGXFTVT2" name="CTD_ContractTests.inscscliefn" tests="1" failures="0" timestamp="22 Nov 2019 20:52:30 GMT" time="1.064" errors="0">
  <testcase name="insert_into_csclie" time="1.064" classname="CTD_ContractTests.inscscliefn"/>
</testsuite> <!-- CTD_ContractTests.inscscliefn -->
