<?xml version="1.0" encoding="UTF-8"?>
<!-- Generated by org.testng.reporters.JUnitReportReporter -->
<testsuite skipped="0" hostname="CAVICSRGXFTVT2" name="CTD_Unprocessed_Events_Endpoint.sqlclass" tests="1" failures="0" timestamp="14 Jun 2019 21:44:51 GMT" time="236.097" errors="0">
  <testcase name="exampleGetTest" time="236.097" classname="CTD_Unprocessed_Events_Endpoint.sqlclass"/>
</testsuite> <!-- CTD_Unprocessed_Events_Endpoint.sqlclass -->
