<?xml version="1.0" encoding="UTF-8"?>
<!-- Generated by org.testng.reporters.JUnitReportReporter -->
<testsuite skipped="0" hostname="CAVICSRGXFTVT2" name="CTD_ContractTests.chgcount" tests="4" failures="0" timestamp="25 Nov 2019 17:09:17 GMT" time="17.305" errors="0">
  <testcase name="chargecountvio" time="4.121" classname="CTD_ContractTests.chgcount"/>
  <testcase name="chargecountdrg" time="4.952" classname="CTD_ContractTests.chgcount"/>
  <testcase name="chargecountesc" time="4.174" classname="CTD_ContractTests.chgcount"/>
  <testcase name="chargecountsro" time="4.058" classname="CTD_ContractTests.chgcount"/>
</testsuite> <!-- CTD_ContractTests.chgcount -->
