<<<<<<< master
<?xml version="1.0" encoding="UTF-8"?>
<!-- Generated by org.testng.reporters.JUnitReportReporter -->
<testsuite skipped="0" hostname="CAVICSRGXFTVT2" name="CTD_Unprocessed_Events_Endpoint.Tombstone_cms_clients" tests="28" failures="0" timestamp="14 Jun 2019 22:55:22 GMT" time="293.580" errors="0">
  <testcase name="Test_for_validating_tomstone_event_sealedynchanges_cms_clients_existingclient" time="8.938" classname="CTD_Unprocessed_Events_Endpoint.Tombstone_cms_clients"/>
  <testcase name="Test_for_validating_tomstone_event_sealedynchanges_cms_clients_existingclient" time="10.573" classname="CTD_Unprocessed_Events_Endpoint.Tombstone_cms_clients"/>
  <testcase name="Test_for_validating_tomstone_event_sealedynchanges_cms_clients_existingclient" time="11.925" classname="CTD_Unprocessed_Events_Endpoint.Tombstone_cms_clients"/>
  <testcase name="Test_for_validating_tomstone_event_sealedynchanges_cms_clients_existingclient" time="8.999" classname="CTD_Unprocessed_Events_Endpoint.Tombstone_cms_clients"/>
  <testcase name="Test_for_validating_tomstone_event_gendercdchanges_cms_clients_existingclient" time="8.877" classname="CTD_Unprocessed_Events_Endpoint.Tombstone_cms_clients"/>
  <testcase name="Test_for_validating_tomstone_event_sealedynchanges_cms_clients_existingclient" time="8.938" classname="CTD_Unprocessed_Events_Endpoint.Tombstone_cms_clients"/>
  <testcase name="Test_for_validating_tomstone_event_gendercdchanges_cms_clients_existingclient" time="14.129" classname="CTD_Unprocessed_Events_Endpoint.Tombstone_cms_clients"/>
  <testcase name="Test_for_validating_tomstone_event_gendercdchanges_cms_clients_existingclient" time="9.892" classname="CTD_Unprocessed_Events_Endpoint.Tombstone_cms_clients"/>
  <testcase name="Test_for_validating_tomstone_event_gendercdchanges_cms_clients_existingclient" time="10.588" classname="CTD_Unprocessed_Events_Endpoint.Tombstone_cms_clients"/>
  <testcase name="Test_for_validating_tomstone_event_sealedynchanges_cms_clients_existingclient" time="12.718" classname="CTD_Unprocessed_Events_Endpoint.Tombstone_cms_clients"/>
  <testcase name="Test_for_validating_tomstone_event_gendercdchanges_cms_clients_existingclient" time="9.041" classname="CTD_Unprocessed_Events_Endpoint.Tombstone_cms_clients"/>
  <testcase name="Test_for_validating_tomstone_event_gendercdchanges_cms_clients_existingclient" time="6.352" classname="CTD_Unprocessed_Events_Endpoint.Tombstone_cms_clients"/>
  <testcase name="Test_for_validating_tomstone_event_sealedynchanges_cms_clients_existingclient" time="20.719" classname="CTD_Unprocessed_Events_Endpoint.Tombstone_cms_clients"/>
  <testcase name="Test_for_validating_tomstone_event_gendercdchanges_cms_clients_existingclient" time="8.246" classname="CTD_Unprocessed_Events_Endpoint.Tombstone_cms_clients"/>
  <testcase name="Test_for_validating_tomstone_event_sealedynchanges_cms_clients_existingclient" time="6.325" classname="CTD_Unprocessed_Events_Endpoint.Tombstone_cms_clients"/>
  <testcase name="Test_for_validating_tomstone_event_sealedynchanges_cms_clients_existingclient" time="9.001" classname="CTD_Unprocessed_Events_Endpoint.Tombstone_cms_clients"/>
  <testcase name="Test_for_validating_tomstone_event_sealedynchanges_cms_clients_existingclient" time="12.375" classname="CTD_Unprocessed_Events_Endpoint.Tombstone_cms_clients"/>
  <testcase name="Test_for_validating_tomstone_event_gendercdchanges_cms_clients_existingclient" time="9.110" classname="CTD_Unprocessed_Events_Endpoint.Tombstone_cms_clients"/>
  <testcase name="Test_for_validating_tomstone_event_gendercdchanges_cms_clients_existingclient" time="8.890" classname="CTD_Unprocessed_Events_Endpoint.Tombstone_cms_clients"/>
  <testcase name="Test_for_validating_tomstone_event_gendercdchanges_cms_clients_existingclient" time="9.012" classname="CTD_Unprocessed_Events_Endpoint.Tombstone_cms_clients"/>
  <testcase name="Test_for_validating_tomstone_event_gendercdchanges_cms_clients_existingclient" time="8.933" classname="CTD_Unprocessed_Events_Endpoint.Tombstone_cms_clients"/>
  <testcase name="Test_for_validating_tomstone_event_gendercdchanges_cms_clients_existingclient" time="18.819" classname="CTD_Unprocessed_Events_Endpoint.Tombstone_cms_clients"/>
  <testcase name="Test_for_validating_tomstone_event_gendercdchanges_cms_clients_existingclient" time="8.993" classname="CTD_Unprocessed_Events_Endpoint.Tombstone_cms_clients"/>
  <testcase name="Test_for_validating_tomstone_event_sealedynchanges_cms_clients_existingclient" time="10.292" classname="CTD_Unprocessed_Events_Endpoint.Tombstone_cms_clients"/>
  <testcase name="Test_for_validating_tomstone_event_sealedynchanges_cms_clients_existingclient" time="7.509" classname="CTD_Unprocessed_Events_Endpoint.Tombstone_cms_clients"/>
  <testcase name="Test_for_validating_tomstone_event_sealedynchanges_cms_clients_existingclient" time="6.508" classname="CTD_Unprocessed_Events_Endpoint.Tombstone_cms_clients"/>
  <testcase name="Test_for_validating_tomstone_event_sealedynchanges_cms_clients_existingclient" time="13.934" classname="CTD_Unprocessed_Events_Endpoint.Tombstone_cms_clients"/>
  <testcase name="Test_for_validating_tomstone_event_gendercdchanges_cms_clients_existingclient" time="13.944" classname="CTD_Unprocessed_Events_Endpoint.Tombstone_cms_clients"/>
</testsuite> <!-- CTD_Unprocessed_Events_Endpoint.Tombstone_cms_clients -->
=======
<?xml version="1.0" encoding="UTF-8"?>
<!-- Generated by org.testng.reporters.JUnitReportReporter -->
<testsuite skipped="0" hostname="CAVICSRGXFTVT2" name="CTD_Unprocessed_Events_Endpoint.Tombstone_cms_clients" tests="28" failures="0" timestamp="14 Jun 2019 22:55:22 GMT" time="293.580" errors="0">
  <testcase name="Test_for_validating_tomstone_event_sealedynchanges_cms_clients_existingclient" time="8.938" classname="CTD_Unprocessed_Events_Endpoint.Tombstone_cms_clients"/>
  <testcase name="Test_for_validating_tomstone_event_sealedynchanges_cms_clients_existingclient" time="10.573" classname="CTD_Unprocessed_Events_Endpoint.Tombstone_cms_clients"/>
  <testcase name="Test_for_validating_tomstone_event_sealedynchanges_cms_clients_existingclient" time="11.925" classname="CTD_Unprocessed_Events_Endpoint.Tombstone_cms_clients"/>
  <testcase name="Test_for_validating_tomstone_event_sealedynchanges_cms_clients_existingclient" time="8.999" classname="CTD_Unprocessed_Events_Endpoint.Tombstone_cms_clients"/>
  <testcase name="Test_for_validating_tomstone_event_gendercdchanges_cms_clients_existingclient" time="8.877" classname="CTD_Unprocessed_Events_Endpoint.Tombstone_cms_clients"/>
  <testcase name="Test_for_validating_tomstone_event_sealedynchanges_cms_clients_existingclient" time="8.938" classname="CTD_Unprocessed_Events_Endpoint.Tombstone_cms_clients"/>
  <testcase name="Test_for_validating_tomstone_event_gendercdchanges_cms_clients_existingclient" time="14.129" classname="CTD_Unprocessed_Events_Endpoint.Tombstone_cms_clients"/>
  <testcase name="Test_for_validating_tomstone_event_gendercdchanges_cms_clients_existingclient" time="9.892" classname="CTD_Unprocessed_Events_Endpoint.Tombstone_cms_clients"/>
  <testcase name="Test_for_validating_tomstone_event_gendercdchanges_cms_clients_existingclient" time="10.588" classname="CTD_Unprocessed_Events_Endpoint.Tombstone_cms_clients"/>
  <testcase name="Test_for_validating_tomstone_event_sealedynchanges_cms_clients_existingclient" time="12.718" classname="CTD_Unprocessed_Events_Endpoint.Tombstone_cms_clients"/>
  <testcase name="Test_for_validating_tomstone_event_gendercdchanges_cms_clients_existingclient" time="9.041" classname="CTD_Unprocessed_Events_Endpoint.Tombstone_cms_clients"/>
  <testcase name="Test_for_validating_tomstone_event_gendercdchanges_cms_clients_existingclient" time="6.352" classname="CTD_Unprocessed_Events_Endpoint.Tombstone_cms_clients"/>
  <testcase name="Test_for_validating_tomstone_event_sealedynchanges_cms_clients_existingclient" time="20.719" classname="CTD_Unprocessed_Events_Endpoint.Tombstone_cms_clients"/>
  <testcase name="Test_for_validating_tomstone_event_gendercdchanges_cms_clients_existingclient" time="8.246" classname="CTD_Unprocessed_Events_Endpoint.Tombstone_cms_clients"/>
  <testcase name="Test_for_validating_tomstone_event_sealedynchanges_cms_clients_existingclient" time="6.325" classname="CTD_Unprocessed_Events_Endpoint.Tombstone_cms_clients"/>
  <testcase name="Test_for_validating_tomstone_event_sealedynchanges_cms_clients_existingclient" time="9.001" classname="CTD_Unprocessed_Events_Endpoint.Tombstone_cms_clients"/>
  <testcase name="Test_for_validating_tomstone_event_sealedynchanges_cms_clients_existingclient" time="12.375" classname="CTD_Unprocessed_Events_Endpoint.Tombstone_cms_clients"/>
  <testcase name="Test_for_validating_tomstone_event_gendercdchanges_cms_clients_existingclient" time="9.110" classname="CTD_Unprocessed_Events_Endpoint.Tombstone_cms_clients"/>
  <testcase name="Test_for_validating_tomstone_event_gendercdchanges_cms_clients_existingclient" time="8.890" classname="CTD_Unprocessed_Events_Endpoint.Tombstone_cms_clients"/>
  <testcase name="Test_for_validating_tomstone_event_gendercdchanges_cms_clients_existingclient" time="9.012" classname="CTD_Unprocessed_Events_Endpoint.Tombstone_cms_clients"/>
  <testcase name="Test_for_validating_tomstone_event_gendercdchanges_cms_clients_existingclient" time="8.933" classname="CTD_Unprocessed_Events_Endpoint.Tombstone_cms_clients"/>
  <testcase name="Test_for_validating_tomstone_event_gendercdchanges_cms_clients_existingclient" time="18.819" classname="CTD_Unprocessed_Events_Endpoint.Tombstone_cms_clients"/>
  <testcase name="Test_for_validating_tomstone_event_gendercdchanges_cms_clients_existingclient" time="8.993" classname="CTD_Unprocessed_Events_Endpoint.Tombstone_cms_clients"/>
  <testcase name="Test_for_validating_tomstone_event_sealedynchanges_cms_clients_existingclient" time="10.292" classname="CTD_Unprocessed_Events_Endpoint.Tombstone_cms_clients"/>
  <testcase name="Test_for_validating_tomstone_event_sealedynchanges_cms_clients_existingclient" time="7.509" classname="CTD_Unprocessed_Events_Endpoint.Tombstone_cms_clients"/>
  <testcase name="Test_for_validating_tomstone_event_sealedynchanges_cms_clients_existingclient" time="6.508" classname="CTD_Unprocessed_Events_Endpoint.Tombstone_cms_clients"/>
  <testcase name="Test_for_validating_tomstone_event_sealedynchanges_cms_clients_existingclient" time="13.934" classname="CTD_Unprocessed_Events_Endpoint.Tombstone_cms_clients"/>
  <testcase name="Test_for_validating_tomstone_event_gendercdchanges_cms_clients_existingclient" time="13.944" classname="CTD_Unprocessed_Events_Endpoint.Tombstone_cms_clients"/>
</testsuite> <!-- CTD_Unprocessed_Events_Endpoint.Tombstone_cms_clients -->
>>>>>>> Sync with Master
