<?xml version="1.0" encoding="UTF-8"?>
<!-- Generated by org.testng.reporters.JUnitReportReporter -->
<testsuite skipped="0" hostname="CAVICSRGXFTVT2" name="CTD_Unprocessed_Events_Endpoint.Unprocessed_Events_Tombstone_Validation_cms_client_names" tests="4" failures="0" timestamp="31 May 2019 21:04:42 GMT" time="17.350" errors="0">
  <testcase name="current_name_yn" time="7.327" classname="CTD_Unprocessed_Events_Endpoint.Unprocessed_Events_Tombstone_Validation_cms_client_names"/>
  <testcase name="given1_nm" time="3.443" classname="CTD_Unprocessed_Events_Endpoint.Unprocessed_Events_Tombstone_Validation_cms_client_names"/>
  <testcase name="birth_dt" time="3.211" classname="CTD_Unprocessed_Events_Endpoint.Unprocessed_Events_Tombstone_Validation_cms_client_names"/>
  <testcase name="surname_nm" time="3.369" classname="CTD_Unprocessed_Events_Endpoint.Unprocessed_Events_Tombstone_Validation_cms_client_names"/>
</testsuite> <!-- CTD_Unprocessed_Events_Endpoint.Unprocessed_Events_Tombstone_Validation_cms_client_names -->
