<?xml version="1.0" encoding="UTF-8"?>
<!-- Generated by org.testng.reporters.JUnitReportReporter -->
<testsuite skipped="0" hostname="CAVICSRGXFTVT2" name="CTD_ContractTests.disc_chrg_reg" tests="1" failures="0" timestamp="07 Nov 2019 19:04:11 GMT" time="22.732" errors="0">
  <testcase name="cs_regs" time="22.732" classname="CTD_ContractTests.disc_chrg_reg"/>
</testsuite> <!-- CTD_ContractTests.disc_chrg_reg -->
