<?xml version="1.0" encoding="UTF-8"?>
<!-- Generated by org.testng.reporters.JUnitReportReporter -->
<testsuite skipped="0" hostname="CAVICSRGXFTVT2" name="CTD_Unprocessed_Events_Endpoint.Disciplinary_Charge" tests="5" failures="0" timestamp="24 Jun 2019 02:51:24 GMT" time="72.751" errors="0">
  <testcase name="sealed_ynyton" time="6.504" classname="CTD_Unprocessed_Events_Endpoint.Disciplinary_Charge"/>
  <testcase name="regu_id" time="21.603" classname="CTD_Unprocessed_Events_Endpoint.Disciplinary_Charge"/>
  <testcase name="sealed_ynntoy" time="9.945" classname="CTD_Unprocessed_Events_Endpoint.Disciplinary_Charge"/>
  <testcase name="charge_dtchangedfromlast5yrstopast5yrs" time="16.414" classname="CTD_Unprocessed_Events_Endpoint.Disciplinary_Charge"/>
  <testcase name="charge_dtchangedpast5yrstolast5yrs" time="18.285" classname="CTD_Unprocessed_Events_Endpoint.Disciplinary_Charge"/>
</testsuite> <!-- CTD_Unprocessed_Events_Endpoint.Disciplinary_Charge -->
