<?xml version="1.0" encoding="UTF-8"?>
<!-- Generated by org.testng.reporters.JUnitReportReporter -->
<testsuite skipped="0" hostname="CAVICSRGXFTVT2" name="CTD_Unprocessed_Events_Endpointresources.ords_get" tests="1" failures="0" timestamp="30 May 2019 17:57:44 GMT" time="2.673" errors="0">
  <testcase name="statute_ords_get" time="2.673" classname="CTD_Unprocessed_Events_Endpointresources.ords_get"/>
</testsuite> <!-- CTD_Unprocessed_Events_Endpointresources.ords_get -->
