<?xml version="1.0" encoding="UTF-8"?>
<!-- Generated by org.testng.reporters.JUnitReportReporter -->
<testsuite skipped="0" hostname="CAVICSRGXFTVT2" name="CTD_ContractTests.disciplinaryChargeRegulation" tests="1" failures="0" timestamp="18 Nov 2019 20:58:11 GMT" time="23.062" errors="0">
  <testcase name="cs_regs" time="23.062" classname="CTD_ContractTests.disciplinaryChargeRegulation"/>
</testsuite> <!-- CTD_ContractTests.disciplinaryChargeRegulation -->
