<<<<<<< HEAD
<<<<<<< master
=======
>>>>>>> Dev
<?xml version="1.0" encoding="UTF-8"?>
<!-- Generated by org.testng.reporters.JUnitReportReporter -->
<testsuite skipped="0" hostname="CAVICSRGXFTVT2" name="CTD.Unprocessed_Events_Tombstone_Validation" tests="2" failures="0" timestamp="20 May 2019 23:19:07 GMT" time="7.432" errors="0">
  <testcase name="sealedynchanges_existingclient" time="4.244" classname="CTD.Unprocessed_Events_Tombstone_Validation"/>
  <testcase name="sealedynchanges_existingclient" time="3.188" classname="CTD.Unprocessed_Events_Tombstone_Validation"/>
</testsuite> <!-- CTD.Unprocessed_Events_Tombstone_Validation -->
<<<<<<< HEAD
=======
<?xml version="1.0" encoding="UTF-8"?>
<!-- Generated by org.testng.reporters.JUnitReportReporter -->
<testsuite skipped="0" hostname="CAVICSRGXFTVT2" name="CTD.Unprocessed_Events_Tombstone_Validation" tests="2" failures="0" timestamp="20 May 2019 23:19:07 GMT" time="7.432" errors="0">
  <testcase name="sealedynchanges_existingclient" time="4.244" classname="CTD.Unprocessed_Events_Tombstone_Validation"/>
  <testcase name="sealedynchanges_existingclient" time="3.188" classname="CTD.Unprocessed_Events_Tombstone_Validation"/>
</testsuite> <!-- CTD.Unprocessed_Events_Tombstone_Validation -->
>>>>>>> Sync with Master
=======
>>>>>>> Dev
