<?xml version="1.0" encoding="UTF-8"?>
<!-- Generated by org.testng.reporters.JUnitReportReporter -->
<testsuite skipped="0" hostname="CAVICSRGXFTVT2" name="CTD_ContractTests.createIAEvent" tests="3" failures="0" timestamp="26 Nov 2019 20:50:16 GMT" time="125.850" errors="0">
  <testcase name="verifyords" time="0.508" classname="CTD_ContractTests.createIAEvent"/>
  <testcase name="verifyadapter" time="2.862" classname="CTD_ContractTests.createIAEvent"/>
  <testcase name="insertnotifications" time="122.480" classname="CTD_ContractTests.createIAEvent"/>
</testsuite> <!-- CTD_ContractTests.createIAEvent -->
