<<<<<<< master
<?xml version="1.0" encoding="UTF-8"?>
<!-- Generated by org.testng.reporters.JUnitReportReporter -->
<testsuite skipped="0" hostname="CAVICSRGXFTVT2" name="CTD_Unprocessed_Events_Endpoint.Disciplinary_charge_regulation" tests="1" failures="0" timestamp="19 Jun 2019 17:42:04 GMT" time="63.709" errors="0">
  <testcase name="cms_regulations" time="63.709" classname="CTD_Unprocessed_Events_Endpoint.Disciplinary_charge_regulation"/>
</testsuite> <!-- CTD_Unprocessed_Events_Endpoint.Disciplinary_charge_regulation -->
=======
<?xml version="1.0" encoding="UTF-8"?>
<!-- Generated by org.testng.reporters.JUnitReportReporter -->
<testsuite skipped="0" hostname="CAVICSRGXFTVT2" name="CTD_Unprocessed_Events_Endpoint.Disciplinary_charge_regulation" tests="1" failures="0" timestamp="19 Jun 2019 17:42:04 GMT" time="63.709" errors="0">
  <testcase name="cms_regulations" time="63.709" classname="CTD_Unprocessed_Events_Endpoint.Disciplinary_charge_regulation"/>
</testsuite> <!-- CTD_Unprocessed_Events_Endpoint.Disciplinary_charge_regulation -->
>>>>>>> Sync with Master
