<?xml version="1.0" encoding="UTF-8"?>
<!-- Generated by org.testng.reporters.JUnitReportReporter -->
<testsuite skipped="0" hostname="CAVICSRGXFTVT2" name="CTD_Unprocessed_Events_Endpoint.Disciplinary_charge_insert_and_delete" tests="1" failures="0" timestamp="27 Jun 2019 07:11:17 GMT" time="10.426" errors="0">
  <testcase name="insertanddeletedischarge" time="10.426" classname="CTD_Unprocessed_Events_Endpoint.Disciplinary_charge_insert_and_delete"/>
</testsuite> <!-- CTD_Unprocessed_Events_Endpoint.Disciplinary_charge_insert_and_delete -->
