<?xml version="1.0" encoding="UTF-8"?>
<!-- Generated by org.testng.reporters.JUnitReportReporter -->
<testsuite skipped="6" hostname="CAVICSRGXFTVT2" name="CTD_Dynamic_Adapter_Endpoint.Dynamic_Adapter_EndpointsTest" tests="7" failures="0" timestamp="31 May 2019 18:45:13 GMT" time="2.228" errors="0">
  <testcase name="transferreason" time="2.228" classname="CTD_Dynamic_Adapter_Endpoint.Dynamic_Adapter_EndpointsTest"/>
  <testcase name="tombstoneadult" classname="CTD_Dynamic_Adapter_Endpoint.Dynamic_Adapter_EndpointsTest">
    <skipped/>
  </testcase> <!-- tombstoneadult -->
  <testcase name="disciplinarycharge" classname="CTD_Dynamic_Adapter_Endpoint.Dynamic_Adapter_EndpointsTest">
    <skipped/>
  </testcase> <!-- disciplinarycharge -->
  <testcase name="tombstoneyouth" classname="CTD_Dynamic_Adapter_Endpoint.Dynamic_Adapter_EndpointsTest">
    <skipped/>
  </testcase> <!-- tombstoneyouth -->
  <testcase name="disciplinarychargeregulation" classname="CTD_Dynamic_Adapter_Endpoint.Dynamic_Adapter_EndpointsTest">
    <skipped/>
  </testcase> <!-- disciplinarychargeregulation -->
  <testcase name="cliententity" classname="CTD_Dynamic_Adapter_Endpoint.Dynamic_Adapter_EndpointsTest">
    <skipped/>
  </testcase> <!-- cliententity -->
  <testcase name="transfer" classname="CTD_Dynamic_Adapter_Endpoint.Dynamic_Adapter_EndpointsTest">
    <skipped/>
  </testcase> <!-- transfer -->
</testsuite> <!-- CTD_Dynamic_Adapter_Endpoint.Dynamic_Adapter_EndpointsTest -->
