<?xml version="1.0" encoding="UTF-8"?>
<!-- Generated by org.testng.reporters.JUnitReportReporter -->
<testsuite skipped="0" hostname="CAVICSRGXFTVT2" name="CTD_ContractTests.disciplinaryCharge" tests="5" failures="0" timestamp="18 Nov 2019 20:57:24 GMT" time="26.159" errors="0">
  <testcase name="reg_id" time="8.273" classname="CTD_ContractTests.disciplinaryCharge"/>
  <testcase name="charge_dtchangedpast5yrstolast5yrs" time="4.464" classname="CTD_ContractTests.disciplinaryCharge"/>
  <testcase name="chg_dtchangedfromlast5yrstopast5yrs" time="4.226" classname="CTD_ContractTests.disciplinaryCharge"/>
  <testcase name="sld_ynyton" time="4.670" classname="CTD_ContractTests.disciplinaryCharge"/>
  <testcase name="sld_ynntoy" time="4.526" classname="CTD_ContractTests.disciplinaryCharge"/>
</testsuite> <!-- CTD_ContractTests.disciplinaryCharge -->
